<?xml version="1.0" encoding="UTF-8"?>
<coverage generated="1679117577990" clover="3.2.0">
  <project timestamp="1679117577990" name="All files">
    <metrics statements="25" coveredstatements="20" conditionals="6" coveredconditionals="6" methods="6" coveredmethods="5" elements="37" coveredelements="31" complexity="0" loc="25" ncloc="25" packages="2" files="4" classes="4"/>
    <package name="modules">
      <metrics statements="25" coveredstatements="20" conditionals="6" coveredconditionals="6" methods="6" coveredmethods="5"/>
      <file name="Transactions.ts" path="/Users/evangeer/MITxPro_MERN/Portfolio/MITxMERN-ATM/bad-bank/src/modules/Transactions.ts">
        <metrics statements="25" coveredstatements="20" conditionals="6" coveredconditionals="6" methods="6" coveredmethods="5"/>
        <line num="9" count="1" type="stmt"/>
        <line num="11" count="1" type="stmt"/>
        <line num="15" count="1" type="stmt"/>
        <line num="17" count="1" type="stmt"/>
        <line num="25" count="0" type="stmt"/>
        <line num="26" count="0" type="stmt"/>
        <line num="28" count="0" type="stmt"/>
        <line num="29" count="0" type="stmt"/>
        <line num="31" count="0" type="stmt"/>
        <line num="39" count="2" type="stmt"/>
        <line num="40" count="2" type="stmt"/>
        <line num="46" count="2" type="stmt"/>
        <line num="54" count="1" type="stmt"/>
        <line num="56" count="1" type="cond" truecount="2" falsecount="0"/>
        <line num="57" count="1" type="stmt"/>
        <line num="65" count="1" type="stmt"/>
        <line num="66" count="1" type="stmt"/>
        <line num="76" count="1" type="stmt"/>
        <line num="77" count="1" type="stmt"/>
        <line num="78" count="1" type="stmt"/>
        <line num="80" count="1" type="cond" truecount="2" falsecount="0"/>
        <line num="81" count="1" type="stmt"/>
        <line num="88" count="1" type="stmt"/>
        <line num="89" count="1" type="stmt"/>
        <line num="90" count="1" type="stmt"/>
      </file>
    </package>
    <package name="types">
      <metrics statements="0" coveredstatements="0" conditionals="0" coveredconditionals="0" methods="0" coveredmethods="0"/>
      <file name="AccountType.ts" path="/Users/evangeer/MITxPro_MERN/Portfolio/MITxMERN-ATM/bad-bank/src/types/AccountType.ts">
        <metrics statements="0" coveredstatements="0" conditionals="0" coveredconditionals="0" methods="0" coveredmethods="0"/>
      </file>
      <file name="Transaction.ts" path="/Users/evangeer/MITxPro_MERN/Portfolio/MITxMERN-ATM/bad-bank/src/types/Transaction.ts">
        <metrics statements="0" coveredstatements="0" conditionals="0" coveredconditionals="0" methods="0" coveredmethods="0"/>
      </file>
      <file name="TransactionType.ts" path="/Users/evangeer/MITxPro_MERN/Portfolio/MITxMERN-ATM/bad-bank/src/types/TransactionType.ts">
        <metrics statements="0" coveredstatements="0" conditionals="0" coveredconditionals="0" methods="0" coveredmethods="0"/>
      </file>
    </package>
  </project>
</coverage>
